2020-06-18 15:46:07.986 [restartedMain] INFO  com.li.ZsApplication - Starting ZsApplication on DESKTOP-0Q3A9J7 with PID 12152 (E:\IdeaWorkspaces\springboot-template\target\classes started by longxiong in E:\IdeaWorkspaces\springboot-template)
2020-06-18 15:46:07.993 [restartedMain] INFO  com.li.ZsApplication - No active profile set, falling back to default profiles: default
2020-06-18 15:46:08.237 [restartedMain] INFO  o.s.b.d.env.DevToolsPropertyDefaultsPostProcessor - Devtools property defaults active! Set 'spring.devtools.add-properties' to 'false' to disable
2020-06-18 15:46:08.238 [restartedMain] INFO  o.s.b.d.env.DevToolsPropertyDefaultsPostProcessor - For additional web related logging consider setting the 'logging.level.web' property to 'DEBUG'
2020-06-18 15:46:11.378 [restartedMain] INFO  o.s.d.r.config.RepositoryConfigurationDelegate - Multiple Spring Data modules found, entering strict repository configuration mode!
2020-06-18 15:46:11.382 [restartedMain] INFO  o.s.d.r.config.RepositoryConfigurationDelegate - Bootstrapping Spring Data Redis repositories in DEFAULT mode.
2020-06-18 15:46:11.499 [restartedMain] INFO  o.s.d.r.config.RepositoryConfigurationDelegate - Finished Spring Data repository scanning in 81ms. Found 0 Redis repository interfaces.
2020-06-18 15:46:12.260 [restartedMain] INFO  o.s.c.s.PostProcessorRegistrationDelegate$BeanPostProcessorChecker - Bean 'redisConfig' of type [com.li.config.RedisConfig$$EnhancerBySpringCGLIB$$2d371896] is not eligible for getting processed by all BeanPostProcessors (for example: not eligible for auto-proxying)
2020-06-18 15:46:13.317 [restartedMain] INFO  o.s.boot.web.embedded.tomcat.TomcatWebServer - Tomcat initialized with port(s): 8080 (http)
2020-06-18 15:46:13.367 [restartedMain] INFO  org.apache.coyote.http11.Http11NioProtocol - Initializing ProtocolHandler ["http-nio-8080"]
2020-06-18 15:46:13.368 [restartedMain] INFO  org.apache.catalina.core.StandardService - Starting service [Tomcat]
2020-06-18 15:46:13.369 [restartedMain] INFO  org.apache.catalina.core.StandardEngine - Starting Servlet engine: [Apache Tomcat/9.0.33]
2020-06-18 15:46:13.570 [restartedMain] INFO  o.a.c.core.ContainerBase.[Tomcat].[localhost].[/] - Initializing Spring embedded WebApplicationContext
2020-06-18 15:46:13.572 [restartedMain] INFO  org.springframework.web.context.ContextLoader - Root WebApplicationContext: initialization completed in 5332 ms
2020-06-18 15:46:14.152 [restartedMain] INFO  c.a.d.s.b.a.DruidDataSourceAutoConfigure - Init DruidDataSource
2020-06-18 15:46:15.053 [restartedMain] INFO  com.alibaba.druid.pool.DruidDataSource - {dataSource-1} inited
2020-06-18 15:46:26.076 [restartedMain] INFO  com.li.ZsApplication - Starting ZsApplication on DESKTOP-0Q3A9J7 with PID 7476 (E:\IdeaWorkspaces\springboot-template\target\classes started by longxiong in E:\IdeaWorkspaces\springboot-template)
2020-06-18 15:46:26.082 [restartedMain] INFO  com.li.ZsApplication - No active profile set, falling back to default profiles: default
2020-06-18 15:46:26.238 [restartedMain] INFO  o.s.b.d.env.DevToolsPropertyDefaultsPostProcessor - Devtools property defaults active! Set 'spring.devtools.add-properties' to 'false' to disable
2020-06-18 15:46:26.238 [restartedMain] INFO  o.s.b.d.env.DevToolsPropertyDefaultsPostProcessor - For additional web related logging consider setting the 'logging.level.web' property to 'DEBUG'
2020-06-18 15:46:27.957 [restartedMain] INFO  o.s.d.r.config.RepositoryConfigurationDelegate - Multiple Spring Data modules found, entering strict repository configuration mode!
2020-06-18 15:46:27.959 [restartedMain] INFO  o.s.d.r.config.RepositoryConfigurationDelegate - Bootstrapping Spring Data Redis repositories in DEFAULT mode.
2020-06-18 15:46:28.012 [restartedMain] INFO  o.s.d.r.config.RepositoryConfigurationDelegate - Finished Spring Data repository scanning in 30ms. Found 0 Redis repository interfaces.
2020-06-18 15:46:28.589 [restartedMain] INFO  o.s.c.s.PostProcessorRegistrationDelegate$BeanPostProcessorChecker - Bean 'redisConfig' of type [com.li.config.RedisConfig$$EnhancerBySpringCGLIB$$8a7522f3] is not eligible for getting processed by all BeanPostProcessors (for example: not eligible for auto-proxying)
2020-06-18 15:46:29.177 [restartedMain] INFO  o.s.boot.web.embedded.tomcat.TomcatWebServer - Tomcat initialized with port(s): 8080 (http)
2020-06-18 15:46:29.189 [restartedMain] INFO  org.apache.coyote.http11.Http11NioProtocol - Initializing ProtocolHandler ["http-nio-8080"]
2020-06-18 15:46:29.190 [restartedMain] INFO  org.apache.catalina.core.StandardService - Starting service [Tomcat]
2020-06-18 15:46:29.190 [restartedMain] INFO  org.apache.catalina.core.StandardEngine - Starting Servlet engine: [Apache Tomcat/9.0.33]
2020-06-18 15:46:29.311 [restartedMain] INFO  o.a.c.core.ContainerBase.[Tomcat].[localhost].[/] - Initializing Spring embedded WebApplicationContext
2020-06-18 15:46:29.312 [restartedMain] INFO  org.springframework.web.context.ContextLoader - Root WebApplicationContext: initialization completed in 3073 ms
2020-06-18 15:46:29.575 [restartedMain] INFO  c.a.d.s.b.a.DruidDataSourceAutoConfigure - Init DruidDataSource
2020-06-18 15:46:30.090 [restartedMain] INFO  com.alibaba.druid.pool.DruidDataSource - {dataSource-1} inited
2020-06-18 15:46:31.280 [restartedMain] INFO  o.s.scheduling.concurrent.ThreadPoolTaskExecutor - Initializing ExecutorService 'applicationTaskExecutor'
2020-06-18 15:46:32.011 [restartedMain] WARN  o.s.b.d.autoconfigure.OptionalLiveReloadServer - Unable to start LiveReload server
2020-06-18 15:46:32.063 [restartedMain] INFO  org.apache.coyote.http11.Http11NioProtocol - Starting ProtocolHandler ["http-nio-8080"]
2020-06-18 15:46:32.141 [restartedMain] INFO  o.s.boot.web.embedded.tomcat.TomcatWebServer - Tomcat started on port(s): 8080 (http) with context path ''
2020-06-18 15:46:32.146 [restartedMain] INFO  com.li.ZsApplication - Started ZsApplication in 7.375 seconds (JVM running for 13.244)
2020-06-18 15:46:44.731 [http-nio-8080-exec-1] INFO  o.a.c.core.ContainerBase.[Tomcat].[localhost].[/] - Initializing Spring DispatcherServlet 'dispatcherServlet'
2020-06-18 15:46:44.731 [http-nio-8080-exec-1] INFO  org.springframework.web.servlet.DispatcherServlet - Initializing Servlet 'dispatcherServlet'
2020-06-18 15:46:44.741 [http-nio-8080-exec-1] INFO  org.springframework.web.servlet.DispatcherServlet - Completed initialization in 10 ms
2020-06-18 15:46:45.727 [http-nio-8080-exec-1] WARN  org.apache.catalina.util.SessionIdGeneratorBase - Creation of SecureRandom instance for session ID generation using [SHA1PRNG] took [938] milliseconds.
2020-06-18 15:47:09.306 [http-nio-8080-exec-4] DEBUG com.li.dao.TestMapper.test - ==>  Preparing: SELECT refId FROM account WHERE id = 17 
2020-06-18 15:47:09.766 [http-nio-8080-exec-4] DEBUG com.li.dao.TestMapper.test - ==> Parameters: 
2020-06-18 15:47:10.535 [http-nio-8080-exec-4] DEBUG com.li.dao.TestMapper.test - <==      Total: 1
2020-06-18 15:47:10.542 [http-nio-8080-exec-4] INFO  com.li.controller.TestController - test-------------
2020-06-18 15:48:50.143 [restartedMain] INFO  com.li.ZsApplication - Starting ZsApplication on DESKTOP-0Q3A9J7 with PID 9184 (E:\IdeaWorkspaces\springboot-template\target\classes started by longxiong in E:\IdeaWorkspaces\springboot-template)
2020-06-18 15:48:50.151 [restartedMain] INFO  com.li.ZsApplication - No active profile set, falling back to default profiles: default
2020-06-18 15:48:50.304 [restartedMain] INFO  o.s.b.d.env.DevToolsPropertyDefaultsPostProcessor - Devtools property defaults active! Set 'spring.devtools.add-properties' to 'false' to disable
2020-06-18 15:48:50.305 [restartedMain] INFO  o.s.b.d.env.DevToolsPropertyDefaultsPostProcessor - For additional web related logging consider setting the 'logging.level.web' property to 'DEBUG'
2020-06-18 15:48:52.221 [restartedMain] INFO  o.s.d.r.config.RepositoryConfigurationDelegate - Multiple Spring Data modules found, entering strict repository configuration mode!
2020-06-18 15:48:52.223 [restartedMain] INFO  o.s.d.r.config.RepositoryConfigurationDelegate - Bootstrapping Spring Data Redis repositories in DEFAULT mode.
2020-06-18 15:48:52.261 [restartedMain] INFO  o.s.d.r.config.RepositoryConfigurationDelegate - Finished Spring Data repository scanning in 17ms. Found 0 Redis repository interfaces.
2020-06-18 15:48:52.697 [restartedMain] INFO  o.s.c.s.PostProcessorRegistrationDelegate$BeanPostProcessorChecker - Bean 'redisConfig' of type [com.li.config.RedisConfig$$EnhancerBySpringCGLIB$$f63c8b35] is not eligible for getting processed by all BeanPostProcessors (for example: not eligible for auto-proxying)
2020-06-18 15:48:53.264 [restartedMain] INFO  o.s.boot.web.embedded.tomcat.TomcatWebServer - Tomcat initialized with port(s): 8080 (http)
2020-06-18 15:48:53.278 [restartedMain] INFO  org.apache.coyote.http11.Http11NioProtocol - Initializing ProtocolHandler ["http-nio-8080"]
2020-06-18 15:48:53.278 [restartedMain] INFO  org.apache.catalina.core.StandardService - Starting service [Tomcat]
2020-06-18 15:48:53.279 [restartedMain] INFO  org.apache.catalina.core.StandardEngine - Starting Servlet engine: [Apache Tomcat/9.0.33]
2020-06-18 15:48:53.395 [restartedMain] INFO  o.a.c.core.ContainerBase.[Tomcat].[localhost].[/] - Initializing Spring embedded WebApplicationContext
2020-06-18 15:48:53.396 [restartedMain] INFO  org.springframework.web.context.ContextLoader - Root WebApplicationContext: initialization completed in 3091 ms
2020-06-18 15:48:53.557 [restartedMain] INFO  c.a.d.s.b.a.DruidDataSourceAutoConfigure - Init DruidDataSource
2020-06-18 15:48:53.968 [restartedMain] INFO  com.alibaba.druid.pool.DruidDataSource - {dataSource-1} inited
2020-06-18 15:48:54.819 [restartedMain] INFO  o.s.scheduling.concurrent.ThreadPoolTaskExecutor - Initializing ExecutorService 'applicationTaskExecutor'
2020-06-18 15:48:54.987 [restartedMain] INFO  o.s.b.a.web.servlet.WelcomePageHandlerMapping - Adding welcome page: ServletContext resource [/index.html]
2020-06-18 15:48:55.428 [restartedMain] WARN  o.s.b.d.autoconfigure.OptionalLiveReloadServer - Unable to start LiveReload server
2020-06-18 15:48:55.478 [restartedMain] INFO  org.apache.coyote.http11.Http11NioProtocol - Starting ProtocolHandler ["http-nio-8080"]
2020-06-18 15:48:55.536 [restartedMain] INFO  o.s.boot.web.embedded.tomcat.TomcatWebServer - Tomcat started on port(s): 8080 (http) with context path ''
2020-06-18 15:48:55.542 [restartedMain] INFO  com.li.ZsApplication - Started ZsApplication in 6.279 seconds (JVM running for 10.18)
2020-06-18 15:49:00.251 [http-nio-8080-exec-1] INFO  o.a.c.core.ContainerBase.[Tomcat].[localhost].[/] - Initializing Spring DispatcherServlet 'dispatcherServlet'
2020-06-18 15:49:00.252 [http-nio-8080-exec-1] INFO  org.springframework.web.servlet.DispatcherServlet - Initializing Servlet 'dispatcherServlet'
2020-06-18 15:49:00.265 [http-nio-8080-exec-1] INFO  org.springframework.web.servlet.DispatcherServlet - Completed initialization in 13 ms
2020-06-18 15:49:01.241 [http-nio-8080-exec-1] WARN  org.apache.catalina.util.SessionIdGeneratorBase - Creation of SecureRandom instance for session ID generation using [SHA1PRNG] took [960] milliseconds.
