2020-05-06 16:18:02.743 [restartedMain] INFO  com.zs.ZsApplication - Starting ZsApplication on DESKTOP-0Q3A9J7 with PID 14688 (E:\IdeaWorkspaces\zs-api\target\classes started by longxiong in E:\IdeaWorkspaces\zs-api)
2020-05-06 16:18:02.758 [restartedMain] INFO  com.zs.ZsApplication - No active profile set, falling back to default profiles: default
2020-05-06 16:18:03.260 [restartedMain] INFO  o.s.b.d.env.DevToolsPropertyDefaultsPostProcessor - Devtools property defaults active! Set 'spring.devtools.add-properties' to 'false' to disable
2020-05-06 16:18:03.260 [restartedMain] INFO  o.s.b.d.env.DevToolsPropertyDefaultsPostProcessor - For additional web related logging consider setting the 'logging.level.web' property to 'DEBUG'
2020-05-06 16:18:10.243 [restartedMain] INFO  o.s.boot.web.embedded.tomcat.TomcatWebServer - Tomcat initialized with port(s): 8080 (http)
2020-05-06 16:18:10.305 [restartedMain] INFO  org.apache.coyote.http11.Http11NioProtocol - Initializing ProtocolHandler ["http-nio-8080"]
2020-05-06 16:18:10.306 [restartedMain] INFO  org.apache.catalina.core.StandardService - Starting service [Tomcat]
2020-05-06 16:18:10.307 [restartedMain] INFO  org.apache.catalina.core.StandardEngine - Starting Servlet engine: [Apache Tomcat/9.0.33]
2020-05-06 16:18:10.626 [restartedMain] INFO  o.a.c.core.ContainerBase.[Tomcat].[localhost].[/] - Initializing Spring embedded WebApplicationContext
2020-05-06 16:18:10.628 [restartedMain] INFO  org.springframework.web.context.ContextLoader - Root WebApplicationContext: initialization completed in 7367 ms
2020-05-06 16:18:11.364 [restartedMain] INFO  c.a.d.s.b.a.DruidDataSourceAutoConfigure - Init DruidDataSource
2020-05-06 16:18:13.388 [restartedMain] INFO  com.alibaba.druid.pool.DruidDataSource - {dataSource-1} inited
2020-05-06 16:18:14.404 [restartedMain] INFO  o.s.scheduling.concurrent.ThreadPoolTaskExecutor - Initializing ExecutorService 'applicationTaskExecutor'
2020-05-06 16:18:15.090 [restartedMain] INFO  o.s.b.d.autoconfigure.OptionalLiveReloadServer - LiveReload server is running on port 35729
2020-05-06 16:18:15.246 [restartedMain] INFO  org.apache.coyote.http11.Http11NioProtocol - Starting ProtocolHandler ["http-nio-8080"]
2020-05-06 16:18:15.291 [restartedMain] INFO  o.s.boot.web.embedded.tomcat.TomcatWebServer - Tomcat started on port(s): 8080 (http) with context path ''
2020-05-06 16:18:15.305 [restartedMain] INFO  com.zs.ZsApplication - Started ZsApplication in 15.003 seconds (JVM running for 21.469)
2020-05-06 16:18:41.706 [http-nio-8080-exec-1] INFO  o.a.c.core.ContainerBase.[Tomcat].[localhost].[/] - Initializing Spring DispatcherServlet 'dispatcherServlet'
2020-05-06 16:18:41.707 [http-nio-8080-exec-1] INFO  org.springframework.web.servlet.DispatcherServlet - Initializing Servlet 'dispatcherServlet'
2020-05-06 16:18:41.732 [http-nio-8080-exec-1] INFO  org.springframework.web.servlet.DispatcherServlet - Completed initialization in 25 ms
2020-05-06 16:18:42.686 [http-nio-8080-exec-1] WARN  org.apache.catalina.util.SessionIdGeneratorBase - Creation of SecureRandom instance for session ID generation using [SHA1PRNG] took [936] milliseconds.
2020-05-06 16:24:05.351 [restartedMain] INFO  com.zs.ZsApplication - Starting ZsApplication on DESKTOP-0Q3A9J7 with PID 6264 (E:\IdeaWorkspaces\zs-api\target\classes started by longxiong in E:\IdeaWorkspaces\zs-api)
2020-05-06 16:24:05.357 [restartedMain] INFO  com.zs.ZsApplication - No active profile set, falling back to default profiles: default
2020-05-06 16:24:05.510 [restartedMain] INFO  o.s.b.d.env.DevToolsPropertyDefaultsPostProcessor - Devtools property defaults active! Set 'spring.devtools.add-properties' to 'false' to disable
2020-05-06 16:24:05.511 [restartedMain] INFO  o.s.b.d.env.DevToolsPropertyDefaultsPostProcessor - For additional web related logging consider setting the 'logging.level.web' property to 'DEBUG'
2020-05-06 16:24:09.476 [restartedMain] INFO  o.s.boot.web.embedded.tomcat.TomcatWebServer - Tomcat initialized with port(s): 8080 (http)
2020-05-06 16:24:09.494 [restartedMain] INFO  org.apache.coyote.http11.Http11NioProtocol - Initializing ProtocolHandler ["http-nio-8080"]
2020-05-06 16:24:09.496 [restartedMain] INFO  org.apache.catalina.core.StandardService - Starting service [Tomcat]
2020-05-06 16:24:09.497 [restartedMain] INFO  org.apache.catalina.core.StandardEngine - Starting Servlet engine: [Apache Tomcat/9.0.33]
2020-05-06 16:24:09.666 [restartedMain] INFO  o.a.c.core.ContainerBase.[Tomcat].[localhost].[/] - Initializing Spring embedded WebApplicationContext
2020-05-06 16:24:09.666 [restartedMain] INFO  org.springframework.web.context.ContextLoader - Root WebApplicationContext: initialization completed in 4155 ms
2020-05-06 16:24:09.888 [restartedMain] INFO  c.a.d.s.b.a.DruidDataSourceAutoConfigure - Init DruidDataSource
2020-05-06 16:24:10.371 [restartedMain] INFO  com.alibaba.druid.pool.DruidDataSource - {dataSource-1} inited
2020-05-06 16:24:10.803 [restartedMain] INFO  o.s.scheduling.concurrent.ThreadPoolTaskExecutor - Initializing ExecutorService 'applicationTaskExecutor'
2020-05-06 16:24:11.150 [restartedMain] INFO  o.s.b.d.autoconfigure.OptionalLiveReloadServer - LiveReload server is running on port 35729
2020-05-06 16:24:11.211 [restartedMain] INFO  org.apache.coyote.http11.Http11NioProtocol - Starting ProtocolHandler ["http-nio-8080"]
2020-05-06 16:24:11.253 [restartedMain] INFO  o.s.boot.web.embedded.tomcat.TomcatWebServer - Tomcat started on port(s): 8080 (http) with context path ''
2020-05-06 16:24:11.259 [restartedMain] INFO  com.zs.ZsApplication - Started ZsApplication in 6.945 seconds (JVM running for 10.823)
2020-05-06 16:24:27.103 [http-nio-8080-exec-1] INFO  o.a.c.core.ContainerBase.[Tomcat].[localhost].[/] - Initializing Spring DispatcherServlet 'dispatcherServlet'
2020-05-06 16:24:27.104 [http-nio-8080-exec-1] INFO  org.springframework.web.servlet.DispatcherServlet - Initializing Servlet 'dispatcherServlet'
2020-05-06 16:24:27.115 [http-nio-8080-exec-1] INFO  org.springframework.web.servlet.DispatcherServlet - Completed initialization in 11 ms
2020-05-06 16:24:28.055 [http-nio-8080-exec-1] WARN  org.apache.catalina.util.SessionIdGeneratorBase - Creation of SecureRandom instance for session ID generation using [SHA1PRNG] took [927] milliseconds.
2020-05-06 16:24:28.237 [http-nio-8080-exec-1] INFO  com.zs.controller.TestController - test-------------
2020-05-06 16:26:47.783 [restartedMain] INFO  com.zs.ZsApplication - Starting ZsApplication on DESKTOP-0Q3A9J7 with PID 6724 (E:\IdeaWorkspaces\zs-api\target\classes started by longxiong in E:\IdeaWorkspaces\zs-api)
2020-05-06 16:26:47.796 [restartedMain] INFO  com.zs.ZsApplication - No active profile set, falling back to default profiles: default
2020-05-06 16:26:47.978 [restartedMain] INFO  o.s.b.d.env.DevToolsPropertyDefaultsPostProcessor - Devtools property defaults active! Set 'spring.devtools.add-properties' to 'false' to disable
2020-05-06 16:26:47.978 [restartedMain] INFO  o.s.b.d.env.DevToolsPropertyDefaultsPostProcessor - For additional web related logging consider setting the 'logging.level.web' property to 'DEBUG'
2020-05-06 16:26:51.254 [restartedMain] INFO  o.s.boot.web.embedded.tomcat.TomcatWebServer - Tomcat initialized with port(s): 8080 (http)
2020-05-06 16:26:51.277 [restartedMain] INFO  org.apache.coyote.http11.Http11NioProtocol - Initializing ProtocolHandler ["http-nio-8080"]
2020-05-06 16:26:51.278 [restartedMain] INFO  org.apache.catalina.core.StandardService - Starting service [Tomcat]
2020-05-06 16:26:51.279 [restartedMain] INFO  org.apache.catalina.core.StandardEngine - Starting Servlet engine: [Apache Tomcat/9.0.33]
2020-05-06 16:26:51.480 [restartedMain] INFO  o.a.c.core.ContainerBase.[Tomcat].[localhost].[/] - Initializing Spring embedded WebApplicationContext
2020-05-06 16:26:51.481 [restartedMain] INFO  org.springframework.web.context.ContextLoader - Root WebApplicationContext: initialization completed in 3502 ms
2020-05-06 16:26:51.790 [restartedMain] INFO  c.a.d.s.b.a.DruidDataSourceAutoConfigure - Init DruidDataSource
2020-05-06 16:26:52.340 [restartedMain] INFO  com.alibaba.druid.pool.DruidDataSource - {dataSource-1} inited
2020-05-06 16:26:52.879 [restartedMain] INFO  o.s.scheduling.concurrent.ThreadPoolTaskExecutor - Initializing ExecutorService 'applicationTaskExecutor'
2020-05-06 16:26:53.338 [restartedMain] INFO  o.s.b.d.autoconfigure.OptionalLiveReloadServer - LiveReload server is running on port 35729
2020-05-06 16:26:53.411 [restartedMain] INFO  org.apache.coyote.http11.Http11NioProtocol - Starting ProtocolHandler ["http-nio-8080"]
2020-05-06 16:26:53.453 [restartedMain] INFO  o.s.boot.web.embedded.tomcat.TomcatWebServer - Tomcat started on port(s): 8080 (http) with context path ''
2020-05-06 16:26:53.460 [restartedMain] INFO  com.zs.ZsApplication - Started ZsApplication in 6.624 seconds (JVM running for 10.052)
2020-05-06 16:27:02.516 [http-nio-8080-exec-1] INFO  o.a.c.core.ContainerBase.[Tomcat].[localhost].[/] - Initializing Spring DispatcherServlet 'dispatcherServlet'
2020-05-06 16:27:02.517 [http-nio-8080-exec-1] INFO  org.springframework.web.servlet.DispatcherServlet - Initializing Servlet 'dispatcherServlet'
2020-05-06 16:27:02.527 [http-nio-8080-exec-1] INFO  org.springframework.web.servlet.DispatcherServlet - Completed initialization in 10 ms
2020-05-06 16:27:03.501 [http-nio-8080-exec-1] WARN  org.apache.catalina.util.SessionIdGeneratorBase - Creation of SecureRandom instance for session ID generation using [SHA1PRNG] took [960] milliseconds.
2020-05-06 16:27:03.681 [http-nio-8080-exec-1] INFO  com.zs.controller.TestController - test-------------
2020-05-06 16:27:46.876 [restartedMain] INFO  com.zs.ZsApplication - Starting ZsApplication on DESKTOP-0Q3A9J7 with PID 8460 (E:\IdeaWorkspaces\zs-api\target\classes started by longxiong in E:\IdeaWorkspaces\zs-api)
2020-05-06 16:27:46.891 [restartedMain] INFO  com.zs.ZsApplication - No active profile set, falling back to default profiles: default
2020-05-06 16:27:47.086 [restartedMain] INFO  o.s.b.d.env.DevToolsPropertyDefaultsPostProcessor - Devtools property defaults active! Set 'spring.devtools.add-properties' to 'false' to disable
2020-05-06 16:27:47.087 [restartedMain] INFO  o.s.b.d.env.DevToolsPropertyDefaultsPostProcessor - For additional web related logging consider setting the 'logging.level.web' property to 'DEBUG'
2020-05-06 16:27:49.729 [restartedMain] INFO  o.s.boot.web.embedded.tomcat.TomcatWebServer - Tomcat initialized with port(s): 8080 (http)
2020-05-06 16:27:49.742 [restartedMain] INFO  org.apache.coyote.http11.Http11NioProtocol - Initializing ProtocolHandler ["http-nio-8080"]
2020-05-06 16:27:49.743 [restartedMain] INFO  org.apache.catalina.core.StandardService - Starting service [Tomcat]
2020-05-06 16:27:49.743 [restartedMain] INFO  org.apache.catalina.core.StandardEngine - Starting Servlet engine: [Apache Tomcat/9.0.33]
2020-05-06 16:27:49.915 [restartedMain] INFO  o.a.c.core.ContainerBase.[Tomcat].[localhost].[/] - Initializing Spring embedded WebApplicationContext
2020-05-06 16:27:49.915 [restartedMain] INFO  org.springframework.web.context.ContextLoader - Root WebApplicationContext: initialization completed in 2828 ms
2020-05-06 16:27:50.090 [restartedMain] INFO  c.a.d.s.b.a.DruidDataSourceAutoConfigure - Init DruidDataSource
2020-05-06 16:27:50.499 [restartedMain] INFO  com.alibaba.druid.pool.DruidDataSource - {dataSource-1} inited
2020-05-06 16:27:50.919 [restartedMain] INFO  o.s.scheduling.concurrent.ThreadPoolTaskExecutor - Initializing ExecutorService 'applicationTaskExecutor'
2020-05-06 16:27:51.234 [restartedMain] INFO  o.s.b.d.autoconfigure.OptionalLiveReloadServer - LiveReload server is running on port 35729
2020-05-06 16:27:51.288 [restartedMain] INFO  org.apache.coyote.http11.Http11NioProtocol - Starting ProtocolHandler ["http-nio-8080"]
2020-05-06 16:27:51.329 [restartedMain] INFO  o.s.boot.web.embedded.tomcat.TomcatWebServer - Tomcat started on port(s): 8080 (http) with context path ''
2020-05-06 16:27:51.334 [restartedMain] INFO  com.zs.ZsApplication - Started ZsApplication in 5.553 seconds (JVM running for 9.032)
2020-05-06 16:27:56.623 [http-nio-8080-exec-1] INFO  o.a.c.core.ContainerBase.[Tomcat].[localhost].[/] - Initializing Spring DispatcherServlet 'dispatcherServlet'
2020-05-06 16:27:56.624 [http-nio-8080-exec-1] INFO  org.springframework.web.servlet.DispatcherServlet - Initializing Servlet 'dispatcherServlet'
2020-05-06 16:27:56.637 [http-nio-8080-exec-1] INFO  org.springframework.web.servlet.DispatcherServlet - Completed initialization in 13 ms
2020-05-06 16:27:57.611 [http-nio-8080-exec-1] WARN  org.apache.catalina.util.SessionIdGeneratorBase - Creation of SecureRandom instance for session ID generation using [SHA1PRNG] took [961] milliseconds.
2020-05-06 16:27:57.660 [http-nio-8080-exec-1] DEBUG com.zs.dao.TestMapper.test - ==>  Preparing: SELECT refId FROM account WHERE id = 17 
2020-05-06 16:27:57.773 [http-nio-8080-exec-1] DEBUG com.zs.dao.TestMapper.test - ==> Parameters: 
2020-05-06 16:27:58.206 [http-nio-8080-exec-1] DEBUG com.zs.dao.TestMapper.test - <==      Total: 1
2020-05-06 16:27:58.213 [http-nio-8080-exec-1] INFO  com.zs.controller.TestController - test-------------
2020-05-06 16:35:02.992 [restartedMain] INFO  com.zs.ZsApplication - Starting ZsApplication on DESKTOP-0Q3A9J7 with PID 5368 (E:\IdeaWorkspaces\zs-api\target\classes started by longxiong in E:\IdeaWorkspaces\zs-api)
2020-05-06 16:35:02.998 [restartedMain] INFO  com.zs.ZsApplication - No active profile set, falling back to default profiles: default
2020-05-06 16:35:03.259 [restartedMain] INFO  o.s.b.d.env.DevToolsPropertyDefaultsPostProcessor - Devtools property defaults active! Set 'spring.devtools.add-properties' to 'false' to disable
2020-05-06 16:35:03.260 [restartedMain] INFO  o.s.b.d.env.DevToolsPropertyDefaultsPostProcessor - For additional web related logging consider setting the 'logging.level.web' property to 'DEBUG'
2020-05-06 16:35:05.923 [restartedMain] INFO  o.s.boot.web.embedded.tomcat.TomcatWebServer - Tomcat initialized with port(s): 8080 (http)
2020-05-06 16:35:05.936 [restartedMain] INFO  org.apache.coyote.http11.Http11NioProtocol - Initializing ProtocolHandler ["http-nio-8080"]
2020-05-06 16:35:05.938 [restartedMain] INFO  org.apache.catalina.core.StandardService - Starting service [Tomcat]
2020-05-06 16:35:05.938 [restartedMain] INFO  org.apache.catalina.core.StandardEngine - Starting Servlet engine: [Apache Tomcat/9.0.33]
2020-05-06 16:35:06.086 [restartedMain] INFO  o.a.c.core.ContainerBase.[Tomcat].[localhost].[/] - Initializing Spring embedded WebApplicationContext
2020-05-06 16:35:06.087 [restartedMain] INFO  org.springframework.web.context.ContextLoader - Root WebApplicationContext: initialization completed in 2827 ms
2020-05-06 16:35:06.282 [restartedMain] INFO  c.a.d.s.b.a.DruidDataSourceAutoConfigure - Init DruidDataSource
2020-05-06 16:35:06.648 [restartedMain] INFO  com.alibaba.druid.pool.DruidDataSource - {dataSource-1} inited
2020-05-06 16:35:07.091 [restartedMain] INFO  o.s.scheduling.concurrent.ThreadPoolTaskExecutor - Initializing ExecutorService 'applicationTaskExecutor'
2020-05-06 16:35:07.575 [restartedMain] INFO  o.s.b.d.autoconfigure.OptionalLiveReloadServer - LiveReload server is running on port 35729
2020-05-06 16:35:07.642 [restartedMain] INFO  org.apache.coyote.http11.Http11NioProtocol - Starting ProtocolHandler ["http-nio-8080"]
2020-05-06 16:35:07.686 [restartedMain] INFO  o.s.boot.web.embedded.tomcat.TomcatWebServer - Tomcat started on port(s): 8080 (http) with context path ''
2020-05-06 16:35:07.700 [restartedMain] INFO  com.zs.ZsApplication - Started ZsApplication in 5.838 seconds (JVM running for 9.871)
2020-05-06 16:35:09.409 [http-nio-8080-exec-1] INFO  o.a.c.core.ContainerBase.[Tomcat].[localhost].[/] - Initializing Spring DispatcherServlet 'dispatcherServlet'
2020-05-06 16:35:09.416 [http-nio-8080-exec-1] INFO  org.springframework.web.servlet.DispatcherServlet - Initializing Servlet 'dispatcherServlet'
2020-05-06 16:35:09.433 [http-nio-8080-exec-1] INFO  org.springframework.web.servlet.DispatcherServlet - Completed initialization in 17 ms
2020-05-06 16:35:10.544 [http-nio-8080-exec-1] WARN  org.apache.catalina.util.SessionIdGeneratorBase - Creation of SecureRandom instance for session ID generation using [SHA1PRNG] took [1,090] milliseconds.
2020-05-06 16:35:10.595 [http-nio-8080-exec-1] DEBUG com.zs.dao.TestMapper.test - ==>  Preparing: SELECT refId FROM account WHERE id = 17 
2020-05-06 16:35:10.713 [http-nio-8080-exec-1] DEBUG com.zs.dao.TestMapper.test - ==> Parameters: 
2020-05-06 16:35:10.756 [http-nio-8080-exec-1] DEBUG com.zs.dao.TestMapper.test - <==      Total: 1
2020-05-06 16:35:10.761 [http-nio-8080-exec-1] INFO  com.zs.controller.TestController - test-------------
2020-05-06 16:35:46.475 [http-nio-8080-exec-7] DEBUG com.zs.dao.TestMapper.test - ==>  Preparing: SELECT refId FROM account WHERE id = 17 
2020-05-06 16:35:46.476 [http-nio-8080-exec-7] DEBUG com.zs.dao.TestMapper.test - ==> Parameters: 
2020-05-06 16:35:46.493 [http-nio-8080-exec-7] DEBUG com.zs.dao.TestMapper.test - <==      Total: 1
2020-05-06 16:35:46.494 [http-nio-8080-exec-7] INFO  com.zs.controller.TestController - test-------------
